OMPI_MCA_btl is set to: tcp,self
Results for 2^0:
<<<<<<< HEAD
Result number 1: Half-round-trip latency was 0.018532 ms.
Result number 2: Half-round-trip latency was 0.018822 ms.
Result number 3: Half-round-trip latency was 0.018817 ms.
Result number 4: Half-round-trip latency was 0.018392 ms.
Result number 5: Half-round-trip latency was 0.018817 ms.
Results for 2^1:
Result number 1: Half-round-trip latency was 0.018822 ms.
Result number 2: Half-round-trip latency was 0.018832 ms.
Result number 3: Half-round-trip latency was 0.018832 ms.
Result number 4: Half-round-trip latency was 0.018832 ms.
Result number 5: Half-round-trip latency was 0.018767 ms.
Results for 2^2:
Result number 1: Half-round-trip latency was 0.018828 ms.
Result number 2: Half-round-trip latency was 0.018829 ms.
Result number 3: Half-round-trip latency was 0.018829 ms.
Result number 4: Half-round-trip latency was 0.018828 ms.
Result number 5: Half-round-trip latency was 0.018830 ms.
Results for 2^3:
Result number 1: Half-round-trip latency was 0.018828 ms.
Result number 2: Half-round-trip latency was 0.018836 ms.
Result number 3: Half-round-trip latency was 0.018832 ms.
Result number 4: Half-round-trip latency was 0.018829 ms.
Result number 5: Half-round-trip latency was 0.018832 ms.
Results for 2^4:
Result number 1: Half-round-trip latency was 0.018828 ms.
Result number 2: Half-round-trip latency was 0.018830 ms.
Result number 3: Half-round-trip latency was 0.018829 ms.
Result number 4: Half-round-trip latency was 0.018834 ms.
Result number 5: Half-round-trip latency was 0.018826 ms.
Results for 2^5:
Result number 1: Half-round-trip latency was 0.018518 ms.
Result number 2: Half-round-trip latency was 0.018520 ms.
Result number 3: Half-round-trip latency was 0.018501 ms.
Result number 4: Half-round-trip latency was 0.018457 ms.
Result number 5: Half-round-trip latency was 0.018525 ms.
Results for 2^6:
Result number 1: Half-round-trip latency was 0.018526 ms.
Result number 2: Half-round-trip latency was 0.018530 ms.
Result number 3: Half-round-trip latency was 0.018516 ms.
Result number 4: Half-round-trip latency was 0.018472 ms.
Result number 5: Half-round-trip latency was 0.018530 ms.
Results for 2^7:
Result number 1: Half-round-trip latency was 0.016739 ms.
Result number 2: Half-round-trip latency was 0.018318 ms.
Result number 3: Half-round-trip latency was 0.018240 ms.
Result number 4: Half-round-trip latency was 0.018305 ms.
Result number 5: Half-round-trip latency was 0.018322 ms.
Results for 2^8:
Result number 1: Half-round-trip latency was 0.017964 ms.
Result number 2: Half-round-trip latency was 0.018208 ms.
Result number 3: Half-round-trip latency was 0.018178 ms.
Result number 4: Half-round-trip latency was 0.018203 ms.
Result number 5: Half-round-trip latency was 0.018203 ms.
Results for 2^9:
Result number 1: Half-round-trip latency was 0.017345 ms.
Result number 2: Half-round-trip latency was 0.017540 ms.
Result number 3: Half-round-trip latency was 0.017684 ms.
Result number 4: Half-round-trip latency was 0.017671 ms.
Result number 5: Half-round-trip latency was 0.017603 ms.
Results for 2^10:
Result number 1: Half-round-trip latency was 0.016237 ms.
Result number 2: Half-round-trip latency was 0.016836 ms.
Result number 3: Half-round-trip latency was 0.016974 ms.
Result number 4: Half-round-trip latency was 0.017178 ms.
Result number 5: Half-round-trip latency was 0.017131 ms.
Results for 2^11:
Result number 1: Half-round-trip latency was 0.014475 ms.
Result number 2: Half-round-trip latency was 0.015564 ms.
Result number 3: Half-round-trip latency was 0.015478 ms.
Result number 4: Half-round-trip latency was 0.015622 ms.
Result number 5: Half-round-trip latency was 0.015552 ms.
Results for 2^12:
Result number 1: Half-round-trip latency was 0.011064 ms.
Result number 2: Half-round-trip latency was 0.012810 ms.
Result number 3: Half-round-trip latency was 0.012902 ms.
Result number 4: Half-round-trip latency was 0.012835 ms.
Result number 5: Half-round-trip latency was 0.012894 ms.
Results for 2^13:
Result number 1: Half-round-trip latency was 0.006995 ms.
Result number 2: Half-round-trip latency was 0.007067 ms.
Result number 3: Half-round-trip latency was 0.007066 ms.
Result number 4: Half-round-trip latency was 0.007185 ms.
Result number 5: Half-round-trip latency was 0.015270 ms.
Results for 2^14:
Result number 1: Half-round-trip latency was 0.011089 ms.
Result number 2: Half-round-trip latency was 0.011823 ms.
Result number 3: Half-round-trip latency was 0.012136 ms.
Result number 4: Half-round-trip latency was 0.011933 ms.
Result number 5: Half-round-trip latency was 0.011902 ms.
Results for 2^15:
Result number 1: Half-round-trip latency was 0.004184 ms.
Result number 2: Half-round-trip latency was 0.005631 ms.
Result number 3: Half-round-trip latency was 0.008383 ms.
Result number 4: Half-round-trip latency was 0.008642 ms.
Result number 5: Half-round-trip latency was 0.008601 ms.
Results for 2^16:
Result number 1: Half-round-trip latency was -0.001223 ms.
Result number 2: Half-round-trip latency was -0.001621 ms.
Result number 3: Half-round-trip latency was -0.001360 ms.
Result number 4: Half-round-trip latency was -0.001685 ms.
Result number 5: Half-round-trip latency was -0.001333 ms.
Results for 2^17:
Result number 1: Half-round-trip latency was -0.018550 ms.
Result number 2: Half-round-trip latency was -0.023043 ms.
Result number 3: Half-round-trip latency was -0.032166 ms.
Result number 4: Half-round-trip latency was -0.031361 ms.
Result number 5: Half-round-trip latency was -0.031547 ms.
Results for 2^18:
Result number 1: Half-round-trip latency was 0.002365 ms.
Result number 2: Half-round-trip latency was 0.010206 ms.
Result number 3: Half-round-trip latency was 0.010190 ms.
Result number 4: Half-round-trip latency was 0.010198 ms.
Result number 5: Half-round-trip latency was 0.010272 ms.
Results for 2^19:
Result number 1: Half-round-trip latency was -0.009104 ms.
Result number 2: Half-round-trip latency was -0.000209 ms.
Result number 3: Half-round-trip latency was 0.001961 ms.
Result number 4: Half-round-trip latency was 0.002964 ms.
Result number 5: Half-round-trip latency was 0.003350 ms.
Results for 2^20:
Result number 1: Half-round-trip latency was -0.021964 ms.
Result number 2: Half-round-trip latency was -0.010125 ms.
Result number 3: Half-round-trip latency was -0.009895 ms.
Result number 4: Half-round-trip latency was -0.009804 ms.
Result number 5: Half-round-trip latency was -0.009799 ms.
=======
Result number 1: Half-round-trip latency was 0.000481 ms.
Result number 2: Half-round-trip latency was 0.000400 ms.
Result number 3: Half-round-trip latency was 0.000207 ms.
Result number 4: Half-round-trip latency was 0.000208 ms.
Result number 5: Half-round-trip latency was 0.000208 ms.
Results for 2^1:
Result number 1: Half-round-trip latency was 0.000207 ms.
Result number 2: Half-round-trip latency was 0.000206 ms.
Result number 3: Half-round-trip latency was 0.000238 ms.
Result number 4: Half-round-trip latency was 0.000207 ms.
Result number 5: Half-round-trip latency was 0.000212 ms.
Results for 2^2:
Result number 1: Half-round-trip latency was 0.000223 ms.
Result number 2: Half-round-trip latency was 0.000202 ms.
Result number 3: Half-round-trip latency was 0.000195 ms.
Result number 4: Half-round-trip latency was 0.000198 ms.
Result number 5: Half-round-trip latency was 0.000203 ms.
Results for 2^3:
Result number 1: Half-round-trip latency was 0.000197 ms.
Result number 2: Half-round-trip latency was 0.000198 ms.
Result number 3: Half-round-trip latency was 0.000196 ms.
Result number 4: Half-round-trip latency was 0.000196 ms.
Result number 5: Half-round-trip latency was 0.000196 ms.
Results for 2^4:
Result number 1: Half-round-trip latency was 0.000196 ms.
Result number 2: Half-round-trip latency was 0.000196 ms.
Result number 3: Half-round-trip latency was 0.000195 ms.
Result number 4: Half-round-trip latency was 0.000196 ms.
Result number 5: Half-round-trip latency was 0.000195 ms.
Results for 2^5:
Result number 1: Half-round-trip latency was 0.000224 ms.
Result number 2: Half-round-trip latency was 0.000232 ms.
Result number 3: Half-round-trip latency was 0.000218 ms.
Result number 4: Half-round-trip latency was 0.000219 ms.
Result number 5: Half-round-trip latency was 0.000224 ms.
Results for 2^6:
Result number 1: Half-round-trip latency was 0.000220 ms.
Result number 2: Half-round-trip latency was 0.000252 ms.
Result number 3: Half-round-trip latency was 0.000221 ms.
Result number 4: Half-round-trip latency was 0.000227 ms.
Result number 5: Half-round-trip latency was 0.000224 ms.
Results for 2^7:
Result number 1: Half-round-trip latency was 0.001152 ms.
Result number 2: Half-round-trip latency was 0.000476 ms.
Result number 3: Half-round-trip latency was 0.000478 ms.
Result number 4: Half-round-trip latency was 0.000473 ms.
Result number 5: Half-round-trip latency was 0.000416 ms.
Results for 2^8:
Result number 1: Half-round-trip latency was 0.000583 ms.
Result number 2: Half-round-trip latency was 0.000571 ms.
Result number 3: Half-round-trip latency was 0.000548 ms.
Result number 4: Half-round-trip latency was 0.000549 ms.
Result number 5: Half-round-trip latency was 0.000448 ms.
Results for 2^9:
Result number 1: Half-round-trip latency was 0.000814 ms.
Result number 2: Half-round-trip latency was 0.000652 ms.
Result number 3: Half-round-trip latency was 0.000638 ms.
Result number 4: Half-round-trip latency was 0.000634 ms.
Result number 5: Half-round-trip latency was 0.000666 ms.
Results for 2^10:
Result number 1: Half-round-trip latency was 0.001133 ms.
Result number 2: Half-round-trip latency was 0.000891 ms.
Result number 3: Half-round-trip latency was 0.000924 ms.
Result number 4: Half-round-trip latency was 0.000921 ms.
Result number 5: Half-round-trip latency was 0.000884 ms.
Results for 2^11:
Result number 1: Half-round-trip latency was 0.002074 ms.
Result number 2: Half-round-trip latency was 0.001639 ms.
Result number 3: Half-round-trip latency was 0.001678 ms.
Result number 4: Half-round-trip latency was 0.001622 ms.
Result number 5: Half-round-trip latency was 0.001642 ms.
Results for 2^12:
Result number 1: Half-round-trip latency was 0.003625 ms.
Result number 2: Half-round-trip latency was 0.002911 ms.
Result number 3: Half-round-trip latency was 0.002949 ms.
Result number 4: Half-round-trip latency was 0.002905 ms.
Result number 5: Half-round-trip latency was 0.002908 ms.
Results for 2^13:
Result number 1: Half-round-trip latency was 0.006144 ms.
Result number 2: Half-round-trip latency was 0.006318 ms.
Result number 3: Half-round-trip latency was 0.006404 ms.
Result number 4: Half-round-trip latency was 0.006228 ms.
Result number 5: Half-round-trip latency was 0.004413 ms.
Results for 2^14:
Result number 1: Half-round-trip latency was 0.004447 ms.
Result number 2: Half-round-trip latency was 0.004027 ms.
Result number 3: Half-round-trip latency was 0.004034 ms.
Result number 4: Half-round-trip latency was 0.004095 ms.
Result number 5: Half-round-trip latency was 0.004126 ms.
Results for 2^15:
Result number 1: Half-round-trip latency was 0.007989 ms.
Result number 2: Half-round-trip latency was 0.008070 ms.
Result number 3: Half-round-trip latency was 0.007925 ms.
Result number 4: Half-round-trip latency was 0.008000 ms.
Result number 5: Half-round-trip latency was 0.008001 ms.
Results for 2^16:
Result number 1: Half-round-trip latency was 0.015819 ms.
Result number 2: Half-round-trip latency was 0.015640 ms.
Result number 3: Half-round-trip latency was 0.015711 ms.
Result number 4: Half-round-trip latency was 0.015852 ms.
Result number 5: Half-round-trip latency was 0.015776 ms.
Results for 2^17:
Result number 1: Half-round-trip latency was 0.030088 ms.
Result number 2: Half-round-trip latency was 0.031079 ms.
Result number 3: Half-round-trip latency was 0.031119 ms.
Result number 4: Half-round-trip latency was 0.030931 ms.
Result number 5: Half-round-trip latency was 0.031013 ms.
Results for 2^18:
Result number 1: Half-round-trip latency was 0.008381 ms.
Result number 2: Half-round-trip latency was 0.004754 ms.
Result number 3: Half-round-trip latency was 0.004754 ms.
Result number 4: Half-round-trip latency was 0.004744 ms.
Result number 5: Half-round-trip latency was 0.004723 ms.
Results for 2^19:
Result number 1: Half-round-trip latency was 0.014733 ms.
Result number 2: Half-round-trip latency was 0.009526 ms.
Result number 3: Half-round-trip latency was 0.008596 ms.
Result number 4: Half-round-trip latency was 0.008310 ms.
Result number 5: Half-round-trip latency was 0.008234 ms.
Results for 2^20:
Result number 1: Half-round-trip latency was 0.020876 ms.
Result number 2: Half-round-trip latency was 0.015559 ms.
Result number 3: Half-round-trip latency was 0.015462 ms.
Result number 4: Half-round-trip latency was 0.015473 ms.
Result number 5: Half-round-trip latency was 0.015818 ms.
>>>>>>> gitlab/main
