OMPI_MCA_btl is set to: tcp,self
Results for 2^0:
<<<<<<< HEAD
Result number 1: Half-round-trip latency was 1.614503 ms.
Result number 2: Half-round-trip latency was 1.630793 ms.
Result number 3: Half-round-trip latency was 1.630816 ms.
Result number 4: Half-round-trip latency was 1.630813 ms.
Result number 5: Half-round-trip latency was 1.630819 ms.
Results for 2^1:
Result number 1: Half-round-trip latency was 1.630814 ms.
Result number 2: Half-round-trip latency was 1.630802 ms.
Result number 3: Half-round-trip latency was 1.630812 ms.
Result number 4: Half-round-trip latency was 1.630817 ms.
Result number 5: Half-round-trip latency was 1.630799 ms.
Results for 2^2:
Result number 1: Half-round-trip latency was 1.630813 ms.
Result number 2: Half-round-trip latency was 1.630811 ms.
Result number 3: Half-round-trip latency was 1.630798 ms.
Result number 4: Half-round-trip latency was 1.630813 ms.
Result number 5: Half-round-trip latency was 1.630811 ms.
Results for 2^3:
Result number 1: Half-round-trip latency was 1.630799 ms.
Result number 2: Half-round-trip latency was 1.630812 ms.
Result number 3: Half-round-trip latency was 1.630812 ms.
Result number 4: Half-round-trip latency was 1.630796 ms.
Result number 5: Half-round-trip latency was 1.630813 ms.
Results for 2^4:
Result number 1: Half-round-trip latency was 1.630810 ms.
Result number 2: Half-round-trip latency was 1.630793 ms.
Result number 3: Half-round-trip latency was 1.630812 ms.
Result number 4: Half-round-trip latency was 1.630811 ms.
Result number 5: Half-round-trip latency was 1.630800 ms.
Results for 2^5:
Result number 1: Half-round-trip latency was 1.630624 ms.
Result number 2: Half-round-trip latency was 1.630618 ms.
Result number 3: Half-round-trip latency was 1.630632 ms.
Result number 4: Half-round-trip latency was 1.630646 ms.
Result number 5: Half-round-trip latency was 1.630650 ms.
Results for 2^6:
Result number 1: Half-round-trip latency was 1.630721 ms.
Result number 2: Half-round-trip latency was 1.630735 ms.
Result number 3: Half-round-trip latency was 1.630722 ms.
Result number 4: Half-round-trip latency was 1.630721 ms.
Result number 5: Half-round-trip latency was 1.630731 ms.
Results for 2^7:
Result number 1: Half-round-trip latency was 1.630655 ms.
Result number 2: Half-round-trip latency was 1.630688 ms.
Result number 3: Half-round-trip latency was 1.630665 ms.
Result number 4: Half-round-trip latency was 1.630670 ms.
Result number 5: Half-round-trip latency was 1.630664 ms.
Results for 2^8:
Result number 1: Half-round-trip latency was 1.624278 ms.
Result number 2: Half-round-trip latency was 1.630498 ms.
Result number 3: Half-round-trip latency was 1.630444 ms.
Result number 4: Half-round-trip latency was 1.630496 ms.
Result number 5: Half-round-trip latency was 1.630484 ms.
Results for 2^9:
Result number 1: Half-round-trip latency was 1.630376 ms.
Result number 2: Half-round-trip latency was 1.630353 ms.
Result number 3: Half-round-trip latency was 1.630373 ms.
Result number 4: Half-round-trip latency was 1.630367 ms.
Result number 5: Half-round-trip latency was 1.630381 ms.
Results for 2^10:
Result number 1: Half-round-trip latency was 1.630208 ms.
Result number 2: Half-round-trip latency was 1.630234 ms.
Result number 3: Half-round-trip latency was 1.630214 ms.
Result number 4: Half-round-trip latency was 1.630232 ms.
Result number 5: Half-round-trip latency was 1.630206 ms.
Results for 2^11:
Result number 1: Half-round-trip latency was 1.629729 ms.
Result number 2: Half-round-trip latency was 1.629822 ms.
Result number 3: Half-round-trip latency was 1.629816 ms.
Result number 4: Half-round-trip latency was 1.629801 ms.
Result number 5: Half-round-trip latency was 1.629833 ms.
Results for 2^12:
Result number 1: Half-round-trip latency was 1.629140 ms.
Result number 2: Half-round-trip latency was 1.629128 ms.
Result number 3: Half-round-trip latency was 1.629123 ms.
Result number 4: Half-round-trip latency was 1.629134 ms.
Result number 5: Half-round-trip latency was 1.629152 ms.
Results for 2^13:
Result number 1: Half-round-trip latency was 1.628111 ms.
Result number 2: Half-round-trip latency was 1.628153 ms.
Result number 3: Half-round-trip latency was 1.628169 ms.
Result number 4: Half-round-trip latency was 1.628148 ms.
Result number 5: Half-round-trip latency was 1.628210 ms.
Results for 2^14:
Result number 1: Half-round-trip latency was 1.626347 ms.
Result number 2: Half-round-trip latency was 1.626405 ms.
Result number 3: Half-round-trip latency was 1.626388 ms.
Result number 4: Half-round-trip latency was 1.626391 ms.
Result number 5: Half-round-trip latency was 1.626326 ms.
Results for 2^15:
Result number 1: Half-round-trip latency was 1.622786 ms.
Result number 2: Half-round-trip latency was 1.622768 ms.
Result number 3: Half-round-trip latency was 1.622753 ms.
Result number 4: Half-round-trip latency was 1.622797 ms.
Result number 5: Half-round-trip latency was 1.622746 ms.
Results for 2^16:
Result number 1: Half-round-trip latency was 1.615374 ms.
Result number 2: Half-round-trip latency was 1.615374 ms.
Result number 3: Half-round-trip latency was 1.615476 ms.
Result number 4: Half-round-trip latency was 1.615416 ms.
Result number 5: Half-round-trip latency was 1.615320 ms.
Results for 2^17:
Result number 1: Half-round-trip latency was 1.611090 ms.
Result number 2: Half-round-trip latency was 1.619077 ms.
Result number 3: Half-round-trip latency was 1.619021 ms.
Result number 4: Half-round-trip latency was 1.619080 ms.
Result number 5: Half-round-trip latency was 1.619192 ms.
Results for 2^18:
Result number 1: Half-round-trip latency was 1.580998 ms.
Result number 2: Half-round-trip latency was 1.587419 ms.
Result number 3: Half-round-trip latency was 1.587452 ms.
Result number 4: Half-round-trip latency was 1.587454 ms.
Result number 5: Half-round-trip latency was 1.587409 ms.
Results for 2^19:
Result number 1: Half-round-trip latency was 1.546411 ms.
Result number 2: Half-round-trip latency was 1.554628 ms.
Result number 3: Half-round-trip latency was 1.554670 ms.
Result number 4: Half-round-trip latency was 1.554790 ms.
Result number 5: Half-round-trip latency was 1.554783 ms.
Results for 2^20:
Result number 1: Half-round-trip latency was 1.481097 ms.
Result number 2: Half-round-trip latency was 1.489690 ms.
Result number 3: Half-round-trip latency was 1.489403 ms.
Result number 4: Half-round-trip latency was 1.489657 ms.
Result number 5: Half-round-trip latency was 1.498029 ms.
=======
Result number 1: Half-round-trip latency was 0.017875 ms.
Result number 2: Half-round-trip latency was 0.001156 ms.
Result number 3: Half-round-trip latency was 0.001195 ms.
Result number 4: Half-round-trip latency was 0.001141 ms.
Result number 5: Half-round-trip latency was 0.001135 ms.
Results for 2^1:
Result number 1: Half-round-trip latency was 0.001137 ms.
Result number 2: Half-round-trip latency was 0.001139 ms.
Result number 3: Half-round-trip latency was 0.001142 ms.
Result number 4: Half-round-trip latency was 0.001136 ms.
Result number 5: Half-round-trip latency was 0.001137 ms.
Results for 2^2:
Result number 1: Half-round-trip latency was 0.001146 ms.
Result number 2: Half-round-trip latency was 0.001165 ms.
Result number 3: Half-round-trip latency was 0.001144 ms.
Result number 4: Half-round-trip latency was 0.001143 ms.
Result number 5: Half-round-trip latency was 0.001161 ms.
Results for 2^3:
Result number 1: Half-round-trip latency was 0.001145 ms.
Result number 2: Half-round-trip latency was 0.001141 ms.
Result number 3: Half-round-trip latency was 0.001142 ms.
Result number 4: Half-round-trip latency was 0.001162 ms.
Result number 5: Half-round-trip latency was 0.001144 ms.
Results for 2^4:
Result number 1: Half-round-trip latency was 0.001153 ms.
Result number 2: Half-round-trip latency was 0.001149 ms.
Result number 3: Half-round-trip latency was 0.001169 ms.
Result number 4: Half-round-trip latency was 0.001154 ms.
Result number 5: Half-round-trip latency was 0.001148 ms.
Results for 2^5:
Result number 1: Half-round-trip latency was 0.001287 ms.
Result number 2: Half-round-trip latency was 0.001280 ms.
Result number 3: Half-round-trip latency was 0.001254 ms.
Result number 4: Half-round-trip latency was 0.001263 ms.
Result number 5: Half-round-trip latency was 0.001268 ms.
Results for 2^6:
Result number 1: Half-round-trip latency was 0.001390 ms.
Result number 2: Half-round-trip latency was 0.001359 ms.
Result number 3: Half-round-trip latency was 0.001366 ms.
Result number 4: Half-round-trip latency was 0.001382 ms.
Result number 5: Half-round-trip latency was 0.001360 ms.
Results for 2^7:
Result number 1: Half-round-trip latency was 0.001379 ms.
Result number 2: Half-round-trip latency was 0.001399 ms.
Result number 3: Half-round-trip latency was 0.001381 ms.
Result number 4: Half-round-trip latency was 0.001388 ms.
Result number 5: Half-round-trip latency was 0.001388 ms.
Results for 2^8:
Result number 1: Half-round-trip latency was 0.007402 ms.
Result number 2: Half-round-trip latency was 0.001589 ms.
Result number 3: Half-round-trip latency was 0.001632 ms.
Result number 4: Half-round-trip latency was 0.001610 ms.
Result number 5: Half-round-trip latency was 0.001602 ms.
Results for 2^9:
Result number 1: Half-round-trip latency was 0.001751 ms.
Result number 2: Half-round-trip latency was 0.001756 ms.
Result number 3: Half-round-trip latency was 0.001739 ms.
Result number 4: Half-round-trip latency was 0.001762 ms.
Result number 5: Half-round-trip latency was 0.001747 ms.
Results for 2^10:
Result number 1: Half-round-trip latency was 0.001946 ms.
Result number 2: Half-round-trip latency was 0.001931 ms.
Result number 3: Half-round-trip latency was 0.001908 ms.
Result number 4: Half-round-trip latency was 0.001937 ms.
Result number 5: Half-round-trip latency was 0.001915 ms.
Results for 2^11:
Result number 1: Half-round-trip latency was 0.002496 ms.
Result number 2: Half-round-trip latency was 0.002382 ms.
Result number 3: Half-round-trip latency was 0.002421 ms.
Result number 4: Half-round-trip latency was 0.002397 ms.
Result number 5: Half-round-trip latency was 0.002417 ms.
Results for 2^12:
Result number 1: Half-round-trip latency was 0.003035 ms.
Result number 2: Half-round-trip latency was 0.003033 ms.
Result number 3: Half-round-trip latency was 0.003048 ms.
Result number 4: Half-round-trip latency was 0.003024 ms.
Result number 5: Half-round-trip latency was 0.003041 ms.
Results for 2^13:
Result number 1: Half-round-trip latency was 0.003822 ms.
Result number 2: Half-round-trip latency was 0.003809 ms.
Result number 3: Half-round-trip latency was 0.003826 ms.
Result number 4: Half-round-trip latency was 0.003843 ms.
Result number 5: Half-round-trip latency was 0.003822 ms.
Results for 2^14:
Result number 1: Half-round-trip latency was 0.005170 ms.
Result number 2: Half-round-trip latency was 0.004996 ms.
Result number 3: Half-round-trip latency was 0.005054 ms.
Result number 4: Half-round-trip latency was 0.005030 ms.
Result number 5: Half-round-trip latency was 0.005058 ms.
Results for 2^15:
Result number 1: Half-round-trip latency was 0.006829 ms.
Result number 2: Half-round-trip latency was 0.006813 ms.
Result number 3: Half-round-trip latency was 0.006816 ms.
Result number 4: Half-round-trip latency was 0.006854 ms.
Result number 5: Half-round-trip latency was 0.006860 ms.
Results for 2^16:
Result number 1: Half-round-trip latency was 0.009735 ms.
Result number 2: Half-round-trip latency was 0.009791 ms.
Result number 3: Half-round-trip latency was 0.009703 ms.
Result number 4: Half-round-trip latency was 0.009737 ms.
Result number 5: Half-round-trip latency was 0.009735 ms.
Results for 2^17:
Result number 1: Half-round-trip latency was 0.015990 ms.
Result number 2: Half-round-trip latency was 0.016235 ms.
Result number 3: Half-round-trip latency was 0.015988 ms.
Result number 4: Half-round-trip latency was 0.015875 ms.
Result number 5: Half-round-trip latency was 0.015832 ms.
Results for 2^18:
Result number 1: Half-round-trip latency was 0.048697 ms.
Result number 2: Half-round-trip latency was 0.041935 ms.
Result number 3: Half-round-trip latency was 0.041978 ms.
Result number 4: Half-round-trip latency was 0.041938 ms.
Result number 5: Half-round-trip latency was 0.041931 ms.
Results for 2^19:
Result number 1: Half-round-trip latency was 0.078471 ms.
Result number 2: Half-round-trip latency was 0.070223 ms.
Result number 3: Half-round-trip latency was 0.070139 ms.
Result number 4: Half-round-trip latency was 0.070180 ms.
Result number 5: Half-round-trip latency was 0.070054 ms.
Results for 2^20:
Result number 1: Half-round-trip latency was 0.134601 ms.
Result number 2: Half-round-trip latency was 0.126649 ms.
Result number 3: Half-round-trip latency was 0.126693 ms.
Result number 4: Half-round-trip latency was 0.126593 ms.
Result number 5: Half-round-trip latency was 0.126589 ms.
>>>>>>> gitlab/main
