OMPI_MCA_btl is set to: tcp,self
Results for 2^0:
<<<<<<< HEAD
Result number 1: Half-round-trip latency was 0.075930 ms.
Result number 2: Half-round-trip latency was 0.076732 ms.
Result number 3: Half-round-trip latency was 0.076733 ms.
Result number 4: Half-round-trip latency was 0.076733 ms.
Result number 5: Half-round-trip latency was 0.076734 ms.
Results for 2^1:
Result number 1: Half-round-trip latency was 0.076701 ms.
Result number 2: Half-round-trip latency was 0.076732 ms.
Result number 3: Half-round-trip latency was 0.076733 ms.
Result number 4: Half-round-trip latency was 0.076733 ms.
Result number 5: Half-round-trip latency was 0.076733 ms.
Results for 2^2:
Result number 1: Half-round-trip latency was 0.076733 ms.
Result number 2: Half-round-trip latency was 0.076733 ms.
Result number 3: Half-round-trip latency was 0.076733 ms.
Result number 4: Half-round-trip latency was 0.076733 ms.
Result number 5: Half-round-trip latency was 0.076733 ms.
Results for 2^3:
Result number 1: Half-round-trip latency was 0.076728 ms.
Result number 2: Half-round-trip latency was 0.076734 ms.
Result number 3: Half-round-trip latency was 0.076734 ms.
Result number 4: Half-round-trip latency was 0.076734 ms.
Result number 5: Half-round-trip latency was 0.076734 ms.
Results for 2^4:
Result number 1: Half-round-trip latency was 0.076733 ms.
Result number 2: Half-round-trip latency was 0.076733 ms.
Result number 3: Half-round-trip latency was 0.076731 ms.
Result number 4: Half-round-trip latency was 0.076733 ms.
Result number 5: Half-round-trip latency was 0.076733 ms.
Results for 2^5:
Result number 1: Half-round-trip latency was 0.076687 ms.
Result number 2: Half-round-trip latency was 0.076687 ms.
Result number 3: Half-round-trip latency was 0.076688 ms.
Result number 4: Half-round-trip latency was 0.076687 ms.
Result number 5: Half-round-trip latency was 0.076688 ms.
Results for 2^6:
Result number 1: Half-round-trip latency was 0.076692 ms.
Result number 2: Half-round-trip latency was 0.076670 ms.
Result number 3: Half-round-trip latency was 0.076692 ms.
Result number 4: Half-round-trip latency was 0.076693 ms.
Result number 5: Half-round-trip latency was 0.076691 ms.
Results for 2^7:
Result number 1: Half-round-trip latency was 0.075913 ms.
Result number 2: Half-round-trip latency was 0.076645 ms.
Result number 3: Half-round-trip latency was 0.076648 ms.
Result number 4: Half-round-trip latency was 0.076652 ms.
Result number 5: Half-round-trip latency was 0.076588 ms.
Results for 2^8:
Result number 1: Half-round-trip latency was 0.076583 ms.
Result number 2: Half-round-trip latency was 0.076642 ms.
Result number 3: Half-round-trip latency was 0.076640 ms.
Result number 4: Half-round-trip latency was 0.076645 ms.
Result number 5: Half-round-trip latency was 0.076644 ms.
Results for 2^9:
Result number 1: Half-round-trip latency was 0.076481 ms.
Result number 2: Half-round-trip latency was 0.076591 ms.
Result number 3: Half-round-trip latency was 0.076592 ms.
Result number 4: Half-round-trip latency was 0.076589 ms.
Result number 5: Half-round-trip latency was 0.076596 ms.
Results for 2^10:
Result number 1: Half-round-trip latency was 0.076279 ms.
Result number 2: Half-round-trip latency was 0.076504 ms.
Result number 3: Half-round-trip latency was 0.076508 ms.
Result number 4: Half-round-trip latency was 0.076511 ms.
Result number 5: Half-round-trip latency was 0.076509 ms.
Results for 2^11:
Result number 1: Half-round-trip latency was 0.075744 ms.
Result number 2: Half-round-trip latency was 0.076299 ms.
Result number 3: Half-round-trip latency was 0.076306 ms.
Result number 4: Half-round-trip latency was 0.076307 ms.
Result number 5: Half-round-trip latency was 0.076303 ms.
Results for 2^12:
Result number 1: Half-round-trip latency was 0.075154 ms.
Result number 2: Half-round-trip latency was 0.075985 ms.
Result number 3: Half-round-trip latency was 0.075984 ms.
Result number 4: Half-round-trip latency was 0.075984 ms.
Result number 5: Half-round-trip latency was 0.075994 ms.
Results for 2^13:
Result number 1: Half-round-trip latency was 0.075131 ms.
Result number 2: Half-round-trip latency was 0.075291 ms.
Result number 3: Half-round-trip latency was 0.075119 ms.
Result number 4: Half-round-trip latency was 0.075176 ms.
Result number 5: Half-round-trip latency was 0.075201 ms.
Results for 2^14:
Result number 1: Half-round-trip latency was 0.073395 ms.
Result number 2: Half-round-trip latency was 0.074151 ms.
Result number 3: Half-round-trip latency was 0.074156 ms.
Result number 4: Half-round-trip latency was 0.074161 ms.
Result number 5: Half-round-trip latency was 0.074187 ms.
Results for 2^15:
Result number 1: Half-round-trip latency was 0.071918 ms.
Result number 2: Half-round-trip latency was 0.071869 ms.
Result number 3: Half-round-trip latency was 0.071922 ms.
Result number 4: Half-round-trip latency was 0.071907 ms.
Result number 5: Half-round-trip latency was 0.071937 ms.
Results for 2^16:
Result number 1: Half-round-trip latency was 0.067505 ms.
Result number 2: Half-round-trip latency was 0.067518 ms.
Result number 3: Half-round-trip latency was 0.067523 ms.
Result number 4: Half-round-trip latency was 0.067515 ms.
Result number 5: Half-round-trip latency was 0.067517 ms.
Results for 2^17:
Result number 1: Half-round-trip latency was 0.057896 ms.
Result number 2: Half-round-trip latency was 0.057041 ms.
Result number 3: Half-round-trip latency was 0.056880 ms.
Result number 4: Half-round-trip latency was 0.056988 ms.
Result number 5: Half-round-trip latency was 0.056947 ms.
Results for 2^18:
Result number 1: Half-round-trip latency was 0.062236 ms.
Result number 2: Half-round-trip latency was 0.068113 ms.
Result number 3: Half-round-trip latency was 0.068177 ms.
Result number 4: Half-round-trip latency was 0.068189 ms.
Result number 5: Half-round-trip latency was 0.068181 ms.
Results for 2^19:
Result number 1: Half-round-trip latency was 0.048821 ms.
Result number 2: Half-round-trip latency was 0.053927 ms.
Result number 3: Half-round-trip latency was 0.054101 ms.
Result number 4: Half-round-trip latency was 0.055313 ms.
Result number 5: Half-round-trip latency was 0.055766 ms.
Results for 2^20:
Result number 1: Half-round-trip latency was 0.031052 ms.
Result number 2: Half-round-trip latency was 0.040743 ms.
Result number 3: Half-round-trip latency was 0.042287 ms.
Result number 4: Half-round-trip latency was 0.042420 ms.
Result number 5: Half-round-trip latency was 0.042460 ms.
=======
Result number 1: Half-round-trip latency was 0.000375 ms.
Result number 2: Half-round-trip latency was 0.000277 ms.
Result number 3: Half-round-trip latency was 0.000272 ms.
Result number 4: Half-round-trip latency was 0.000271 ms.
Result number 5: Half-round-trip latency was 0.000272 ms.
Results for 2^1:
Result number 1: Half-round-trip latency was 0.000270 ms.
Result number 2: Half-round-trip latency was 0.000268 ms.
Result number 3: Half-round-trip latency was 0.000268 ms.
Result number 4: Half-round-trip latency was 0.000268 ms.
Result number 5: Half-round-trip latency was 0.000268 ms.
Results for 2^2:
Result number 1: Half-round-trip latency was 0.000268 ms.
Result number 2: Half-round-trip latency was 0.000271 ms.
Result number 3: Half-round-trip latency was 0.000271 ms.
Result number 4: Half-round-trip latency was 0.000273 ms.
Result number 5: Half-round-trip latency was 0.000272 ms.
Results for 2^3:
Result number 1: Half-round-trip latency was 0.000271 ms.
Result number 2: Half-round-trip latency was 0.000272 ms.
Result number 3: Half-round-trip latency was 0.000270 ms.
Result number 4: Half-round-trip latency was 0.000270 ms.
Result number 5: Half-round-trip latency was 0.000273 ms.
Results for 2^4:
Result number 1: Half-round-trip latency was 0.000271 ms.
Result number 2: Half-round-trip latency was 0.000271 ms.
Result number 3: Half-round-trip latency was 0.000269 ms.
Result number 4: Half-round-trip latency was 0.000269 ms.
Result number 5: Half-round-trip latency was 0.000269 ms.
Results for 2^5:
Result number 1: Half-round-trip latency was 0.000367 ms.
Result number 2: Half-round-trip latency was 0.000373 ms.
Result number 3: Half-round-trip latency was 0.000374 ms.
Result number 4: Half-round-trip latency was 0.000374 ms.
Result number 5: Half-round-trip latency was 0.000373 ms.
Results for 2^6:
Result number 1: Half-round-trip latency was 0.000363 ms.
Result number 2: Half-round-trip latency was 0.000364 ms.
Result number 3: Half-round-trip latency was 0.000363 ms.
Result number 4: Half-round-trip latency was 0.000364 ms.
Result number 5: Half-round-trip latency was 0.000363 ms.
Results for 2^7:
Result number 1: Half-round-trip latency was 0.001161 ms.
Result number 2: Half-round-trip latency was 0.000405 ms.
Result number 3: Half-round-trip latency was 0.000420 ms.
Result number 4: Half-round-trip latency was 0.000428 ms.
Result number 5: Half-round-trip latency was 0.000427 ms.
Results for 2^8:
Result number 1: Half-round-trip latency was 0.000481 ms.
Result number 2: Half-round-trip latency was 0.000425 ms.
Result number 3: Half-round-trip latency was 0.000434 ms.
Result number 4: Half-round-trip latency was 0.000447 ms.
Result number 5: Half-round-trip latency was 0.000427 ms.
Results for 2^9:
Result number 1: Half-round-trip latency was 0.000635 ms.
Result number 2: Half-round-trip latency was 0.000507 ms.
Result number 3: Half-round-trip latency was 0.000495 ms.
Result number 4: Half-round-trip latency was 0.000489 ms.
Result number 5: Half-round-trip latency was 0.000482 ms.
Results for 2^10:
Result number 1: Half-round-trip latency was 0.000855 ms.
Result number 2: Half-round-trip latency was 0.000597 ms.
Result number 3: Half-round-trip latency was 0.000559 ms.
Result number 4: Half-round-trip latency was 0.000559 ms.
Result number 5: Half-round-trip latency was 0.000562 ms.
Results for 2^11:
Result number 1: Half-round-trip latency was 0.001393 ms.
Result number 2: Half-round-trip latency was 0.000880 ms.
Result number 3: Half-round-trip latency was 0.000876 ms.
Result number 4: Half-round-trip latency was 0.000872 ms.
Result number 5: Half-round-trip latency was 0.000873 ms.
Results for 2^12:
Result number 1: Half-round-trip latency was 0.002332 ms.
Result number 2: Half-round-trip latency was 0.001482 ms.
Result number 3: Half-round-trip latency was 0.001376 ms.
Result number 4: Half-round-trip latency was 0.001376 ms.
Result number 5: Half-round-trip latency was 0.001392 ms.
Results for 2^13:
Result number 1: Half-round-trip latency was 0.002610 ms.
Result number 2: Half-round-trip latency was 0.002204 ms.
Result number 3: Half-round-trip latency was 0.002193 ms.
Result number 4: Half-round-trip latency was 0.002174 ms.
Result number 5: Half-round-trip latency was 0.002249 ms.
Results for 2^14:
Result number 1: Half-round-trip latency was 0.004026 ms.
Result number 2: Half-round-trip latency was 0.003244 ms.
Result number 3: Half-round-trip latency was 0.003226 ms.
Result number 4: Half-round-trip latency was 0.003537 ms.
Result number 5: Half-round-trip latency was 0.003452 ms.
Results for 2^15:
Result number 1: Half-round-trip latency was 0.005703 ms.
Result number 2: Half-round-trip latency was 0.005431 ms.
Result number 3: Half-round-trip latency was 0.005503 ms.
Result number 4: Half-round-trip latency was 0.005409 ms.
Result number 5: Half-round-trip latency was 0.005425 ms.
Results for 2^16:
Result number 1: Half-round-trip latency was 0.010036 ms.
Result number 2: Half-round-trip latency was 0.009992 ms.
Result number 3: Half-round-trip latency was 0.010655 ms.
Result number 4: Half-round-trip latency was 0.010650 ms.
Result number 5: Half-round-trip latency was 0.010655 ms.
Results for 2^17:
Result number 1: Half-round-trip latency was 0.020185 ms.
Result number 2: Half-round-trip latency was 0.020136 ms.
Result number 3: Half-round-trip latency was 0.020274 ms.
Result number 4: Half-round-trip latency was 0.020207 ms.
Result number 5: Half-round-trip latency was 0.020247 ms.
Results for 2^18:
Result number 1: Half-round-trip latency was 0.014788 ms.
Result number 2: Half-round-trip latency was 0.009065 ms.
Result number 3: Half-round-trip latency was 0.009072 ms.
Result number 4: Half-round-trip latency was 0.009123 ms.
Result number 5: Half-round-trip latency was 0.009108 ms.
Results for 2^19:
Result number 1: Half-round-trip latency was 0.027936 ms.
Result number 2: Half-round-trip latency was 0.022633 ms.
Result number 3: Half-round-trip latency was 0.022547 ms.
Result number 4: Half-round-trip latency was 0.022139 ms.
Result number 5: Half-round-trip latency was 0.021325 ms.
Results for 2^20:
Result number 1: Half-round-trip latency was 0.046244 ms.
Result number 2: Half-round-trip latency was 0.035627 ms.
Result number 3: Half-round-trip latency was 0.034954 ms.
Result number 4: Half-round-trip latency was 0.035301 ms.
Result number 5: Half-round-trip latency was 0.034640 ms.
>>>>>>> gitlab/main
